#
# There is insufficient memory for the Java Runtime Environment to continue.
# Native memory allocation (mmap) failed to map 536870912 bytes for G1 virtual space
# Possible reasons:
#   The system is out of physical RAM or swap space
#   The process is running with CompressedOops enabled, and the Java Heap may be blocking the growth of the native heap
# Possible solutions:
#   Reduce memory load on the system
#   Increase physical memory or swap space
#   Check if swap backing store is full
#   Decrease Java heap size (-Xmx/-Xms)
#   Decrease number of Java threads
#   Decrease Java thread stack sizes (-Xss)
#   Set larger code cache with -XX:ReservedCodeCacheSize=
#   JVM is running with Zero Based Compressed Oops mode in which the Java heap is
#     placed in the first 32GB address space. The Java Heap base address is the
#     maximum limit for the native heap growth. Please use -XX:HeapBaseMinAddress
#     to set the Java Heap base and to place the Java Heap above 32GB virtual address.
# This output file may be truncated or incomplete.
#
#  Out of Memory Error (os_windows.cpp:3753), pid=258552, tid=268896
#
# JRE version:  (17.0.4.1+7) (build )
# Java VM: OpenJDK 64-Bit Server VM (17.0.4.1+7-b469.62, mixed mode, sharing, tiered, compressed oops, compressed class ptrs, g1 gc, windows-amd64)
# No core dump will be written. Minidumps are not enabled by default on client versions of Windows
#

---------------  S U M M A R Y ------------

Command Line: git4idea.http.GitAskPassApp Username for 'https://github.com': 

Host: 12th Gen Intel(R) Core(TM) i7-12800HX, 24 cores, 31G,  Windows 11 , 64 bit Build 22000 (10.0.22000.1516)
Time: Thu Mar 16 17:11:47 2023 GMT dows 11 , 64 bit Build 22000 (10.0.22000.1516) elapsed time: 0.008680 seconds (0d 0h 0m 0s)

---------------  T H R E A D  ---------------

Current thread (0x0000028d22c0a310):  JavaThread "Unknown thread" [_thread_in_vm, id=268896, stack(0x000000e24e900000,0x000000e24ea00000)]

Stack: [0x000000e24e900000,0x000000e24ea00000]
Native frames: (J=compiled Java code, j=interpreted, Vv=VM code, C=native code)
V  [jvm.dll+0x68356a]
V  [jvm.dll+0x83fab4]
V  [jvm.dll+0x84125e]
V  [jvm.dll+0x8418c3]
V  [jvm.dll+0x249735]
V  [jvm.dll+0x680439]
V  [jvm.dll+0x674a7a]
V  [jvm.dll+0x30956b]
V  [jvm.dll+0x310a26]
V  [jvm.dll+0x36089e]
V  [jvm.dll+0x360acf]
V  [jvm.dll+0x2df658]
V  [jvm.dll+0x2e05c4]
V  [jvm.dll+0x8112a1]
V  [jvm.dll+0x36e6f1]
V  [jvm.dll+0x7f076c]
V  [jvm.dll+0x3f180f]
V  [jvm.dll+0x3f3351]
C  [jli.dll+0x526b]
C  [ucrtbase.dll+0x26c0c]
C  [KERNEL32.DLL+0x155a0]
C  [ntdll.dll+0x485b]


---------------  P R O C E S S  ---------------

Threads class SMR info:
_java_thread_list=0x00007ffc56f67f58, length=0, elements={
}

Java Threads: ( => current thread )

Other Threads:
  0x0000028d49be0a00 GCTaskThread "GC Thread#0" [stack: 0x000000e24ea00000,0x000000e24eb00000] [id=284228]
  0x0000028d22c27da0 ConcurrentGCThread "G1 Main Marker" [stack: 0x000000e24eb00000,0x000000e24ec00000] [id=275548]
  0x0000028d22c898a0 ConcurrentGCThread "G1 Conc#0" [stack: 0x000000e24ec00000,0x000000e24ed00000] [id=280084]

[error occurred during error reporting (printing all threads), id 0xc0000005, EXCEPTION_ACCESS_VIOLATION (0xc0000005) at pc=0x00007ffc56720217]

VM state: not at safepoint (not fully initialized)

VM Mutex/Monitor currently owned by a thread:  ([mutex/lock_event])
[0x0000028d22c05ae0] Heap_lock - owner thread: 0x0000028d22c0a310

Heap address: 0x0000000603800000, size: 8136 MB, Compressed Oops mode: Zero based, Oop shift amount: 3

CDS archive(s) mapped at: [0x0000000000000000-0x0000000000000000-0x0000000000000000), size 0, SharedBaseAddress: 0x0000000800000000, ArchiveRelocationMode: 0.
Narrow klass base: 0x0000000000000000, Narrow klass shift: 0, Narrow klass range: 0x0

GC Precious Log:
<Empty>

Heap:
 garbage-first heap   total 0K, used 0K [0x0000000603800000, 0x0000000800000000)
  region size 4096K, 0 young (0K), 0 survivors (0K)

[error occurred during error reporting (printing heap information), id 0xc0000005, EXCEPTION_ACCESS_VIOLATION (0xc0000005) at pc=0x00007ffc56b0d1f9]

GC Heap History (0 events):
No events

Deoptimization events (0 events):
No events

Classes unloaded (0 events):
No events

Classes redefined (0 events):
No events

Internal exceptions (0 events):
No events

VM Operations (0 events):
No events

Events (1 events):
Event: 0.004 Loaded shared library C:\Program Files\JetBrains\PyCharm 2022.2.2\jbr\bin\java.dll


Dynamic libraries:
0x00007ff7ea210000 - 0x00007ff7ea21a000 	C:\Program Files\JetBrains\PyCharm 2022.2.2\jbr\bin\java.exe
0x00007ffcab600000 - 0x00007ffcab809000 	C:\Windows\SYSTEM32\ntdll.dll
0x00007ffca96a0000 - 0x00007ffca975e000 	C:\Windows\System32\KERNEL32.DLL
0x00007ffca8690000 - 0x00007ffca8a0c000 	C:\Windows\System32\KERNELBASE.dll
0x00007ffca8ad0000 - 0x00007ffca8be1000 	C:\Windows\System32\ucrtbase.dll
0x00007ffc8d3a0000 - 0x00007ffc8d3b7000 	C:\Program Files\JetBrains\PyCharm 2022.2.2\jbr\bin\jli.dll
0x00007ffc8c600000 - 0x00007ffc8c61b000 	C:\Program Files\JetBrains\PyCharm 2022.2.2\jbr\bin\VCRUNTIME140.dll
0x00007ffcab410000 - 0x00007ffcab5bd000 	C:\Windows\System32\USER32.dll
0x00007ffca8c20000 - 0x00007ffca8c46000 	C:\Windows\System32\win32u.dll
0x00007ffc923e0000 - 0x00007ffc92685000 	C:\Windows\WinSxS\amd64_microsoft.windows.common-controls_6595b64144ccf1df_6.0.22000.120_none_9d947278b86cc467\COMCTL32.dll
0x00007ffca9ac0000 - 0x00007ffca9ae9000 	C:\Windows\System32\GDI32.dll
0x00007ffca9430000 - 0x00007ffca94d3000 	C:\Windows\System32\msvcrt.dll
0x00007ffca8d60000 - 0x00007ffca8e78000 	C:\Windows\System32\gdi32full.dll
0x00007ffca8fb0000 - 0x00007ffca904d000 	C:\Windows\System32\msvcp_win.dll
0x00007ffca9a80000 - 0x00007ffca9ab2000 	C:\Windows\System32\IMM32.DLL
0x0000000067270000 - 0x000000006727c000 	C:\Program Files (x86)\360\360Safe\safemon\SafeWrapper.dll
0x00007ffcaae00000 - 0x00007ffcaaeae000 	C:\Windows\System32\ADVAPI32.dll
0x00007ffca9760000 - 0x00007ffca97fe000 	C:\Windows\System32\sechost.dll
0x00007ffca9310000 - 0x00007ffca9430000 	C:\Windows\System32\RPCRT4.dll
0x00007ffc8e0e0000 - 0x00007ffc8e181000 	C:\Program Files (x86)\360\360Safe\safemon\libzdtp64.dll
0x00007ffca9b00000 - 0x00007ffcaa2c5000 	C:\Windows\System32\SHELL32.dll
0x00007ffca9820000 - 0x00007ffca987d000 	C:\Windows\System32\SHLWAPI.dll
0x00007ffca8030000 - 0x00007ffca803a000 	C:\Windows\SYSTEM32\VERSION.dll
0x00007ffca1530000 - 0x00007ffca153c000 	C:\Program Files\JetBrains\PyCharm 2022.2.2\jbr\bin\vcruntime140_1.dll
0x00007ffc55bf0000 - 0x00007ffc55c7d000 	C:\Program Files\JetBrains\PyCharm 2022.2.2\jbr\bin\msvcp140.dll
0x00007ffc56430000 - 0x00007ffc57099000 	C:\Program Files\JetBrains\PyCharm 2022.2.2\jbr\bin\server\jvm.dll
0x00007ffca9af0000 - 0x00007ffca9af8000 	C:\Windows\System32\PSAPI.DLL
0x00007ffc8cc40000 - 0x00007ffc8cc49000 	C:\Windows\SYSTEM32\WSOCK32.dll
0x00007ffca9a10000 - 0x00007ffca9a7f000 	C:\Windows\System32\WS2_32.dll
0x00007ffc9cf60000 - 0x00007ffc9cf93000 	C:\Windows\SYSTEM32\WINMM.dll
0x00007ffca9120000 - 0x00007ffca9138000 	C:\Windows\System32\kernel.appcore.dll
0x00007ffca20d0000 - 0x00007ffca20da000 	C:\Program Files\JetBrains\PyCharm 2022.2.2\jbr\bin\jimage.dll
0x00007ffca6130000 - 0x00007ffca6351000 	C:\Windows\SYSTEM32\DBGHELP.DLL
0x00007ffc891a0000 - 0x00007ffc891d1000 	C:\Windows\SYSTEM32\dbgcore.DLL
0x00007ffca90a0000 - 0x00007ffca911f000 	C:\Windows\System32\bcryptPrimitives.dll
0x00007ffc90570000 - 0x00007ffc90595000 	C:\Program Files\JetBrains\PyCharm 2022.2.2\jbr\bin\java.dll

dbghelp: loaded successfully - version: 4.0.5 - missing functions: none
symbol engine: initialized successfully - sym options: 0x614 - pdb path: .;C:\Program Files\JetBrains\PyCharm 2022.2.2\jbr\bin;C:\Windows\SYSTEM32;C:\Windows\WinSxS\amd64_microsoft.windows.common-controls_6595b64144ccf1df_6.0.22000.120_none_9d947278b86cc467;C:\Program Files (x86)\360\360Safe\safemon;C:\Program Files\JetBrains\PyCharm 2022.2.2\jbr\bin\server

VM Arguments:
java_command: git4idea.http.GitAskPassApp Username for 'https://github.com': 
java_class_path (initial): C:/Program Files/JetBrains/PyCharm 2022.2.2/plugins/git4idea/lib/git4idea-rt.jar;C:/Program Files/JetBrains/PyCharm 2022.2.2/lib/externalProcess-rt.jar;C:/Program Files/JetBrains/PyCharm 2022.2.2/lib/app.jar;C:/Program Files/JetBrains/PyCharm 2022.2.2/lib/3rd-party-rt.jar
Launcher Type: SUN_STANDARD

[Global flags]
     intx CICompilerCount                          = 12                                        {product} {ergonomic}
     uint ConcGCThreads                            = 5                                         {product} {ergonomic}
     uint G1ConcRefinementThreads                  = 18                                        {product} {ergonomic}
   size_t G1HeapRegionSize                         = 4194304                                   {product} {ergonomic}
    uintx GCDrainStackTargetSize                   = 64                                        {product} {ergonomic}
   size_t InitialHeapSize                          = 536870912                                 {product} {ergonomic}
   size_t MarkStackSize                            = 4194304                                   {product} {ergonomic}
   size_t MaxHeapSize                              = 8531214336                                {product} {ergonomic}
   size_t MinHeapDeltaBytes                        = 4194304                                   {product} {ergonomic}
   size_t MinHeapSize                              = 8388608                                   {product} {ergonomic}
    uintx NonNMethodCodeHeapSize                   = 7602480                                {pd product} {ergonomic}
    uintx NonProfiledCodeHeapSize                  = 122027880                              {pd product} {ergonomic}
    uintx ProfiledCodeHeapSize                     = 122027880                              {pd product} {ergonomic}
    uintx ReservedCodeCacheSize                    = 251658240                              {pd product} {ergonomic}
     bool SegmentedCodeCache                       = true                                      {product} {ergonomic}
   size_t SoftMaxHeapSize                          = 8531214336                             {manageable} {ergonomic}
     bool UseCompressedClassPointers               = true                           {product lp64_product} {ergonomic}
     bool UseCompressedOops                        = true                           {product lp64_product} {ergonomic}
     bool UseG1GC                                  = true                                      {product} {ergonomic}
     bool UseLargePagesIndividualAllocation        = false                                  {pd product} {ergonomic}

Logging:
Log output configuration:
 #0: stdout all=warning uptime,level,tags
 #1: stderr all=off uptime,level,tags

Environment Variables:
JAVA_HOME=C:\env\lang\Java\jdk-18.0.2
CLASSPATH=.;
PATH=C:/env/lang/Git/mingw64/libexec/git-core;C:/env/lang/Git/mingw64/libexec/git-core;C:\env\lang\Git\mingw64\bin;C:\env\lang\Git\usr\bin;C:\Users\vifim\bin;D:\OneDrive - University of Glasgow\data center\StudyWork\works\program\Internet Technology\work\project\code\ForgetNotBackend\venv\Scripts;C:\Program Files\Oculus\Support\oculus-runtime;C:\Program Files\Common Files\Oracle\Java\javapath;C:\Program Files (x86)\Common Files\Oracle\Java\javapath;C:\Windows\system32;C:\Windows;C:\Windows\System32\Wbem;C:\Windows\System32\WindowsPowerShell\v1.0\;C:\Windows\System32\OpenSSH\;C:\Program Files (x86)\NVIDIA Corporation\PhysX\Common;C:\Program Files\NVIDIA Corporation\NVIDIA NvDLISR;C:\Program Files\Microsoft VS Code\bin;C:\Program Files\dotnet\;C:\Program Files\Microsoft SQL Server\150\Tools\Binn\;C:\env\lang\Git\cmd;C:\env\lang\nodejs\;C:\ProgramData\chocolatey\bin;C:\env\lang\Java\jdk-18.0.2\bin;C:\env\lang\maven\apache-maven-3.8.6\bin;C:\env\lang\gradle\gradle-7.5.1\bin;C:\env\lang\Anaconda3;C:\env\lang\Anaconda3\Library\bin;C:\env\lang\Anaconda3\DLLs;C:\env\lang\Anaconda3\Scripts;C:\env\lang\sqlite;C:\env\lang\mysql\mysql-8.0.30-winx64\bin;C:\env\lang\hadoop\hadoop-3.3.1\bin;C:\env\lang\hadoop\hadoop-3.3.1\sbin;C:\env\lang\hadoop\spark-3.3.1-bin-hadoop3\bin;C:\Users\vifim\AppData\Local\Microsoft\WindowsApps;C:\Users\vifim\.dotnet\tools;C:\Users\vifim\AppData\Roaming\npm;C:\Users\vifim\AppData\Local\Coursier\data\bin
USERNAME=vifim
DISPLAY=:0.0
LC_ALL=en_US.UTF-8
TERM=xterm-256color
TMPDIR=C:\Users\vifim\AppData\Local\Temp
OS=Windows_NT
PROCESSOR_IDENTIFIER=Intel64 Family 6 Model 151 Stepping 2, GenuineIntel
TMP=C:\Users\vifim\AppData\Local\Temp
TEMP=C:\Users\vifim\AppData\Local\Temp



---------------  S Y S T E M  ---------------

OS:
 Windows 11 , 64 bit Build 22000 (10.0.22000.1516)
OS uptime: 17 days 4:30 hours

CPU: total 24 (initial active 24) (12 cores per cpu, 2 threads per core) family 6 model 151 stepping 2 microcode 0x1f, cx8, cmov, fxsr, ht, mmx, 3dnowpref, sse, sse2, sse3, ssse3, sse4.1, sse4.2, popcnt, lzcnt, tsc, tscinvbit, avx, avx2, aes, erms, clmul, bmi1, bmi2, adx, sha, fma, vzeroupper, clflush, clflushopt, clwb

Memory: 4k page, system-wide physical 32537M (5627M free)
TotalPageFile size 130841M (AvailPageFile size 478M)
current process WorkingSet (physical memory assigned to process): 13M, peak: 13M
current process commit charge ("private bytes"): 82M, peak: 593M

vm_info: OpenJDK 64-Bit Server VM (17.0.4.1+7-b469.62) for windows-amd64 JRE (17.0.4.1+7-b469.62), built on 2022-09-22 by "builduser" with MS VC++ 16.10 / 16.11 (VS2019)

END.
